[2022-08-07T21:04:19.248] [ERROR] dev - Error: querySrv ECONNREFUSED _mongodb._tcp.cluster0.9ghdw.mongodb.net
    at QueryReqWrap.onresolve [as oncomplete] (node:dns:213:19) {
  errno: undefined,
  code: 'ECONNREFUSED',
  syscall: 'querySrv',
  hostname: '_mongodb._tcp.cluster0.9ghdw.mongodb.net'
}
[2022-08-07T21:05:42.789] [ERROR] dev - Error: querySrv ETIMEOUT _mongodb._tcp.cluster0.9ghdw.mongodb.net
    at QueryReqWrap.onresolve [as oncomplete] (node:dns:213:19) {
  errno: undefined,
  code: 'ETIMEOUT',
  syscall: 'querySrv',
  hostname: '_mongodb._tcp.cluster0.9ghdw.mongodb.net'
}
[2022-08-07T21:07:12.520] [ERROR] dev - Error: querySrv ECONNREFUSED _mongodb._tcp.cluster0.9ghdw.mongodb.net
    at QueryReqWrap.onresolve [as oncomplete] (node:dns:213:19) {
  errno: undefined,
  code: 'ECONNREFUSED',
  syscall: 'querySrv',
  hostname: '_mongodb._tcp.cluster0.9ghdw.mongodb.net'
}
[2022-08-07T21:11:09.040] [ERROR] dev - Error: querySrv ECONNREFUSED _mongodb._tcp.cluster0.9ghdw.mongodb.net
    at QueryReqWrap.onresolve [as oncomplete] (node:dns:213:19) {
  errno: undefined,
  code: 'ECONNREFUSED',
  syscall: 'querySrv',
  hostname: '_mongodb._tcp.cluster0.9ghdw.mongodb.net'
}
[2022-08-07T23:46:49.616] [WARN] dev - User with email alysfon.fritsch37@ethereal.email already exists
[2022-08-07T23:46:53.592] [WARN] dev - User with email alysfon.fritsch37@ethereal.email already exists
