[2022-09-13T21:07:34.122] [INFO] default - GET /login
[2022-09-13T21:07:36.350] [WARN] default - GET /favicon.ico
[2022-09-13T21:07:37.419] [INFO] default - POST /login
[2022-09-13T21:07:44.568] [INFO] default - GET /successLogin
[2022-09-13T21:07:46.105] [INFO] default - GET /
[2022-09-13T21:07:52.627] [INFO] default - GET /login
[2022-09-13T21:07:55.619] [INFO] default - GET /info
[2022-09-13T21:08:20.385] [INFO] default - GET /info
[2022-09-13T21:10:07.011] [INFO] default - GET /info
[2022-09-13T21:22:36.154] [INFO] default - GET /login
[2022-09-13T21:22:39.290] [INFO] default - POST /login
[2022-09-13T21:22:45.818] [INFO] default - GET /successLogin
[2022-09-13T21:22:47.029] [INFO] default - GET /
[2022-09-13T21:22:50.866] [INFO] default - GET /login
[2022-09-13T21:22:51.345] [INFO] default - GET /info
[2022-09-13T21:25:15.323] [INFO] default - GET /info
[2022-09-13T21:25:59.644] [INFO] default - GET /info
[2022-09-13T21:28:32.563] [INFO] default - GET /info
[2022-09-13T21:29:29.151] [INFO] default - GET /info
[2022-09-13T21:30:00.919] [INFO] default - GET /info
[2022-09-13T21:30:46.411] [INFO] default - GET /info
[2022-09-13T21:31:13.869] [INFO] default - GET /info
[2022-09-13T21:32:04.575] [INFO] default - GET /info
[2022-09-13T21:32:38.233] [INFO] default - GET /info
[2022-09-13T21:33:37.463] [INFO] default - GET /login
[2022-09-13T21:33:39.256] [INFO] default - POST /login
[2022-09-13T21:33:45.920] [INFO] default - GET /successLogin
[2022-09-13T21:33:47.515] [INFO] default - GET /
[2022-09-13T21:33:51.556] [INFO] default - GET /login
[2022-09-13T21:33:54.036] [INFO] default - GET /info
